<?xml version="1.0" encoding="UTF-8"?>
<!-- Generated by org.testng.reporters.JUnitXMLReporter -->
<testsuite ignored="2" hostname="LAPTOP-HL9EOCAP" failures="1" tests="1" name="Test(failed)" time="0.047" errors="0" timestamp="2023-11-09T00:00:56 IST">
  <testcase classname="com.actitime.testscript.customermodule" name="creatcustomer" time="0.007">
    <failure type="java.lang.AssertionError" message="null">
      <![CDATA[java.lang.AssertionError: null
at com.actitime.testscript.customermodule.creatcustomer(customermodule.java:16)
at java.base/java.util.ArrayList.forEach(ArrayList.java:1511)
... Removed 27 stack frames]]>
    </failure>
  </testcase> <!-- creatcustomer -->
  <testcase classname="com.actitime.testscript.customermodule" name="deletecustomer" time="0.0">
    <ignored/>
  </testcase> <!-- deletecustomer -->
  <testcase classname="com.actitime.testscript.customermodule" name="modifycustomer" time="0.0">
    <ignored/>
  </testcase> <!-- modifycustomer -->
</testsuite> <!-- Test(failed) -->
