<?xml version="1.0" encoding="UTF-8"?>
<!-- Generated by org.testng.reporters.JUnitXMLReporter -->
<testsuite ignored="4" hostname="LAPTOP-HL9EOCAP" failures="1" tests="9" name="Test" time="0.085" errors="0" timestamp="2023-11-09T00:00:01 IST">
  <testcase classname="com.actitime.testscript.taskmodule" name="createtask" time="0.006"/>
  <testcase classname="com.actitime.testscript.taskmodule" name="deletetask" time="0.001"/>
  <testcase classname="com.actitime.testscript.taskmodule" name="modifytask" time="0.001"/>
  <testcase classname="com.actitime.testscript.projectmodule" name="createproject" time="0.001"/>
  <testcase classname="com.actitime.testscript.projectmodule" name="daleteproject" time="0.001"/>
  <testcase classname="com.actitime.testscript.projectmodule" name="modifyproject" time="0.001"/>
  <testcase classname="com.actitime.testscript.customermodule" name="creatcustomer" time="0.004">
    <failure type="java.lang.AssertionError" message="null">
      <![CDATA[java.lang.AssertionError: null
at com.actitime.testscript.customermodule.creatcustomer(customermodule.java:16)
at java.base/java.util.ArrayList.forEach(ArrayList.java:1511)
... Removed 27 stack frames]]>
    </failure>
  </testcase> <!-- creatcustomer -->
  <testcase classname="com.actitime.testscript.customermodule" name="deletecustomer" time="0.001"/>
  <testcase classname="com.actitime.testscript.customermodule" name="modifycustomer" time="0.001"/>
  <testcase classname="com.fb.generic.common_class" name="@BeforeTest openbrowser" time="0.0">
    <ignored/>
  </testcase> <!-- @BeforeTest openbrowser -->
  <testcase classname="com.fb.generic.common_class" name="@AfterTest closebrowser" time="0.0">
    <ignored/>
  </testcase> <!-- @AfterTest closebrowser -->
  <testcase classname="com.fb.generic.common_class" name="@BeforeTest openbrowser" time="0.0">
    <ignored/>
  </testcase> <!-- @BeforeTest openbrowser -->
  <testcase classname="com.fb.generic.common_class" name="@AfterTest closebrowser" time="0.0">
    <ignored/>
  </testcase> <!-- @AfterTest closebrowser -->
</testsuite> <!-- Test -->
